# JRE version: OpenJDK Runtime Environment Temurin-21.0.3+9 (21.0.3+9) (build 21.0.3+9-LTS)
# Java VM: OpenJDK 64-Bit Server VM Temurin-21.0.3+9 (21.0.3+9-LTS, mixed mode, emulated-client, sharing, tiered, compressed oops, compressed class ptrs, g1 gc, windows-amd64)
GC Precious Log:
 CardTable entry size: 512
 Card Set container configuration: InlinePtr #cards 4 size 8 Array Of Cards #cards 16 size 48 Howl #buckets 8 coarsen threshold 3686 Howl Bitmap #cards 512 size 80 coarsen threshold 460 Card regions per heap region 1 cards per card region 4096
 CPUs: 8 total, 8 available
 Memory: 16101M
 Large Page Support: Disabled
 NUMA Support: Disabled
 Compressed Oops: Enabled (Zero based)
 Heap Region Size: 2M
 Heap Min Capacity: 8M
 Heap Initial Capacity: 252M
 Heap Max Capacity: 4026M
 Pre-touch: Disabled
 Parallel Workers: 8
 Concurrent Workers: 2
 Concurrent Refinement Workers: 8
 Periodic GC: Disabled
Heap:
 garbage-first heap   total 96256K, used 56180K [0x0000000704600000, 0x0000000800000000)
  region size 2048K, 14 young (28672K), 3 survivors (6144K)
 Metaspace       used 71939K, committed 72768K, reserved 1114112K
  class space    used 10000K, committed 10368K, reserved 1048576K
GC Heap History (20 events):
Event: 3.305 GC heap after
{Heap after GC invocations=11 (full 0):
 garbage-first heap   total 81920K, used 20820K [0x0000000704600000, 0x0000000800000000)
  region size 2048K, 1 young (2048K), 1 survivors (2048K)
 Metaspace       used 31513K, committed 32000K, reserved 1114112K
  class space    used 4239K, committed 4480K, reserved 1048576K
}
Event: 3.744 GC heap before
{Heap before GC invocations=11 (full 0):
 garbage-first heap   total 81920K, used 67924K [0x0000000704600000, 0x0000000800000000)
  region size 2048K, 24 young (49152K), 1 survivors (2048K)
 Metaspace       used 36601K, committed 37184K, reserved 1114112K
  class space    used 4838K, committed 5120K, reserved 1048576K
}
Event: 3.747 GC heap after
{Heap after GC invocations=12 (full 0):
 garbage-first heap   total 81920K, used 22217K [0x0000000704600000, 0x0000000800000000)
  region size 2048K, 2 young (4096K), 2 survivors (4096K)
 Metaspace       used 36601K, committed 37184K, reserved 1114112K
  class space    used 4838K, committed 5120K, reserved 1048576K
}
Event: 4.089 GC heap before
{Heap before GC invocations=12 (full 0):
 garbage-first heap   total 81920K, used 67273K [0x0000000704600000, 0x0000000800000000)
  region size 2048K, 24 young (49152K), 2 survivors (4096K)
 Metaspace       used 40413K, committed 41024K, reserved 1114112K
  class space    used 5501K, committed 5760K, reserved 1048576K
}
Event: 4.092 GC heap after
{Heap after GC invocations=13 (full 0):
 garbage-first heap   total 81920K, used 23630K [0x0000000704600000, 0x0000000800000000)
  region size 2048K, 3 young (6144K), 3 survivors (6144K)
 Metaspace       used 40413K, committed 41024K, reserved 1114112K
  class space    used 5501K, committed 5760K, reserved 1048576K
}
Event: 4.436 GC heap before
{Heap before GC invocations=13 (full 0):
 garbage-first heap   total 81920K, used 66638K [0x0000000704600000, 0x0000000800000000)
  region size 2048K, 24 young (49152K), 3 survivors (6144K)
 Metaspace       used 44466K, committed 45056K, reserved 1114112K
  class space    used 6068K, committed 6336K, reserved 1048576K
}
Event: 4.440 GC heap after
{Heap after GC invocations=14 (full 0):
 garbage-first heap   total 81920K, used 24345K [0x0000000704600000, 0x0000000800000000)
  region size 2048K, 2 young (4096K), 2 survivors (4096K)
 Metaspace       used 44466K, committed 45056K, reserved 1114112K
  class space    used 6068K, committed 6336K, reserved 1048576K
}
Event: 4.687 GC heap before
{Heap before GC invocations=14 (full 0):
 garbage-first heap   total 81920K, used 61209K [0x0000000704600000, 0x0000000800000000)
  region size 2048K, 21 young (43008K), 2 survivors (4096K)
 Metaspace       used 48165K, committed 48640K, reserved 1114112K
  class space    used 6502K, committed 6720K, reserved 1048576K
}
Event: 4.691 GC heap after
{Heap after GC invocations=15 (full 0):
 garbage-first heap   total 98304K, used 25017K [0x0000000704600000, 0x0000000800000000)
  region size 2048K, 2 young (4096K), 2 survivors (4096K)
 Metaspace       used 48165K, committed 48640K, reserved 1114112K
  class space    used 6502K, committed 6720K, reserved 1048576K
}
Event: 5.177 GC heap before
{Heap before GC invocations=16 (full 0):
 garbage-first heap   total 96256K, used 78265K [0x0000000704600000, 0x0000000800000000)
  region size 2048K, 28 young (57344K), 2 survivors (4096K)
 Metaspace       used 53065K, committed 53696K, reserved 1114112K
  class space    used 7419K, committed 7680K, reserved 1048576K
}
Event: 5.181 GC heap after
{Heap after GC invocations=17 (full 0):
 garbage-first heap   total 96256K, used 25736K [0x0000000704600000, 0x0000000800000000)
  region size 2048K, 3 young (6144K), 3 survivors (6144K)
 Metaspace       used 53065K, committed 53696K, reserved 1114112K
  class space    used 7419K, committed 7680K, reserved 1048576K
}
Event: 5.596 GC heap before
{Heap before GC invocations=17 (full 0):
 garbage-first heap   total 96256K, used 74888K [0x0000000704600000, 0x0000000800000000)
  region size 2048K, 28 young (57344K), 3 survivors (6144K)
 Metaspace       used 57944K, committed 58496K, reserved 1114112K
  class space    used 8079K, committed 8320K, reserved 1048576K
}
Event: 5.601 GC heap after
{Heap after GC invocations=18 (full 0):
 garbage-first heap   total 96256K, used 27488K [0x0000000704600000, 0x0000000800000000)
  region size 2048K, 3 young (6144K), 3 survivors (6144K)
 Metaspace       used 57944K, committed 58496K, reserved 1114112K
  class space    used 8079K, committed 8320K, reserved 1048576K
}
Event: 6.139 GC heap before
{Heap before GC invocations=18 (full 0):
 garbage-first heap   total 96256K, used 78688K [0x0000000704600000, 0x0000000800000000)
  region size 2048K, 28 young (57344K), 3 survivors (6144K)
 Metaspace       used 61732K, committed 62464K, reserved 1114112K
  class space    used 8609K, committed 8960K, reserved 1048576K
}
Event: 6.145 GC heap after
{Heap after GC invocations=19 (full 0):
 garbage-first heap   total 96256K, used 30189K [0x0000000704600000, 0x0000000800000000)
  region size 2048K, 4 young (8192K), 4 survivors (8192K)
 Metaspace       used 61732K, committed 62464K, reserved 1114112K
  class space    used 8609K, committed 8960K, reserved 1048576K
}
Event: 46.741 GC heap before
{Heap before GC invocations=19 (full 0):
 garbage-first heap   total 96256K, used 77293K [0x0000000704600000, 0x0000000800000000)
  region size 2048K, 28 young (57344K), 4 survivors (8192K)
 Metaspace       used 65584K, committed 66368K, reserved 1114112K
  class space    used 9152K, committed 9536K, reserved 1048576K
}
Event: 46.750 GC heap after
{Heap after GC invocations=20 (full 0):
 garbage-first heap   total 96256K, used 33347K [0x0000000704600000, 0x0000000800000000)
  region size 2048K, 3 young (6144K), 3 survivors (6144K)
 Metaspace       used 65584K, committed 66368K, reserved 1114112K
  class space    used 9152K, committed 9536K, reserved 1048576K
}
Event: 54.102 GC heap before
{Heap before GC invocations=20 (full 0):
 garbage-first heap   total 96256K, used 80451K [0x0000000704600000, 0x0000000800000000)
  region size 2048K, 27 young (55296K), 3 survivors (6144K)
 Metaspace       used 70535K, committed 71360K, reserved 1114112K
  class space    used 9803K, committed 10176K, reserved 1048576K
}
Event: 54.108 GC heap after
{Heap after GC invocations=21 (full 0):
 garbage-first heap   total 96256K, used 34823K [0x0000000704600000, 0x0000000800000000)
  region size 2048K, 3 young (6144K), 3 survivors (6144K)
 Metaspace       used 70535K, committed 71360K, reserved 1114112K
  class space    used 9803K, committed 10176K, reserved 1048576K
}
Event: 224.858 GC heap before
{Heap before GC invocations=21 (full 0):
 garbage-first heap   total 96256K, used 55303K [0x0000000704600000, 0x0000000800000000)
  region size 2048K, 14 young (28672K), 3 survivors (6144K)
 Metaspace       used 71939K, committed 72768K, reserved 1114112K
  class space    used 10000K, committed 10368K, reserved 1048576K
}

